[  0%] Built target std_msgs_generate_messages_nodejs
[  0%] Built target sensor_msgs_generate_messages_nodejs
[  0%] Built target nav_msgs_generate_messages_nodejs
[  0%] Built target sensor_msgs_generate_messages_lisp
[  0%] Built target geometry_msgs_generate_messages_nodejs
[  0%] Built target nav_msgs_generate_messages_lisp
[  0%] Built target std_msgs_generate_messages_lisp
[  0%] Built target _tello_driver_wifi2_generate_messages_check_deps_TelloStatus
[  0%] Built target geometry_msgs_generate_messages_lisp
[  0%] Built target std_msgs_generate_messages_py
[  0%] Built target nav_msgs_generate_messages_py
[  0%] Built target geometry_msgs_generate_messages_py
[  0%] Built target geometry_msgs_generate_messages_eus
[  0%] Built target sensor_msgs_generate_messages_py
[  0%] Built target nav_msgs_generate_messages_eus
[  0%] Built target sensor_msgs_generate_messages_eus
[  0%] Built target std_msgs_generate_messages_eus
[  0%] Built target std_msgs_generate_messages_cpp
[  0%] Built target nav_msgs_generate_messages_cpp
[  0%] Built target sensor_msgs_generate_messages_cpp
[  0%] Built target geometry_msgs_generate_messages_cpp
[ 12%] Built target tello_driver_wifi2_gencfg
[ 25%] Built target tello_driver_wifi2_generate_messages_nodejs
[ 37%] Built target tello_driver_wifi2_generate_messages_lisp
[ 62%] Built target tello_driver_wifi2_generate_messages_py
[ 87%] Built target tello_driver_wifi2_generate_messages_eus
[100%] Built target tello_driver_wifi2_generate_messages_cpp
[100%] Built target tello_driver_wifi2_generate_messages
