Linked: (/home/mech-user/semi_ws/devel/.private/tello_driver_wifi2/share/gennodejs/ros/tello_driver_wifi2/_index.js, /home/mech-user/semi_ws/devel/share/gennodejs/ros/tello_driver_wifi2/_index.js)
Linked: (/home/mech-user/semi_ws/devel/.private/tello_driver_wifi2/share/gennodejs/ros/tello_driver_wifi2/msg/_index.js, /home/mech-user/semi_ws/devel/share/gennodejs/ros/tello_driver_wifi2/msg/_index.js)
Linked: (/home/mech-user/semi_ws/devel/.private/tello_driver_wifi2/share/gennodejs/ros/tello_driver_wifi2/msg/TelloStatus.js, /home/mech-user/semi_ws/devel/share/gennodejs/ros/tello_driver_wifi2/msg/TelloStatus.js)
Linked: (/home/mech-user/semi_ws/devel/.private/tello_driver_wifi2/share/roseus/ros/tello_driver_wifi2/manifest.l, /home/mech-user/semi_ws/devel/share/roseus/ros/tello_driver_wifi2/manifest.l)
Linked: (/home/mech-user/semi_ws/devel/.private/tello_driver_wifi2/share/roseus/ros/tello_driver_wifi2/msg/TelloStatus.l, /home/mech-user/semi_ws/devel/share/roseus/ros/tello_driver_wifi2/msg/TelloStatus.l)
Linked: (/home/mech-user/semi_ws/devel/.private/tello_driver_wifi2/share/common-lisp/ros/tello_driver_wifi2/msg/_package.lisp, /home/mech-user/semi_ws/devel/share/common-lisp/ros/tello_driver_wifi2/msg/_package.lisp)
Linked: (/home/mech-user/semi_ws/devel/.private/tello_driver_wifi2/share/common-lisp/ros/tello_driver_wifi2/msg/TelloStatus.lisp, /home/mech-user/semi_ws/devel/share/common-lisp/ros/tello_driver_wifi2/msg/TelloStatus.lisp)
Linked: (/home/mech-user/semi_ws/devel/.private/tello_driver_wifi2/share/common-lisp/ros/tello_driver_wifi2/msg/tello_driver_wifi2-msg.asd, /home/mech-user/semi_ws/devel/share/common-lisp/ros/tello_driver_wifi2/msg/tello_driver_wifi2-msg.asd)
Linked: (/home/mech-user/semi_ws/devel/.private/tello_driver_wifi2/share/common-lisp/ros/tello_driver_wifi2/msg/_package_TelloStatus.lisp, /home/mech-user/semi_ws/devel/share/common-lisp/ros/tello_driver_wifi2/msg/_package_TelloStatus.lisp)
Linked: (/home/mech-user/semi_ws/devel/.private/tello_driver_wifi2/share/tello_driver_wifi2/docs/TelloConfig.wikidoc, /home/mech-user/semi_ws/devel/share/tello_driver_wifi2/docs/TelloConfig.wikidoc)
Linked: (/home/mech-user/semi_ws/devel/.private/tello_driver_wifi2/share/tello_driver_wifi2/docs/TelloConfig-usage.dox, /home/mech-user/semi_ws/devel/share/tello_driver_wifi2/docs/TelloConfig-usage.dox)
Linked: (/home/mech-user/semi_ws/devel/.private/tello_driver_wifi2/share/tello_driver_wifi2/docs/TelloConfig.dox, /home/mech-user/semi_ws/devel/share/tello_driver_wifi2/docs/TelloConfig.dox)
Linked: (/home/mech-user/semi_ws/devel/.private/tello_driver_wifi2/share/tello_driver_wifi2/cmake/tello_driver_wifi2-msg-paths.cmake, /home/mech-user/semi_ws/devel/share/tello_driver_wifi2/cmake/tello_driver_wifi2-msg-paths.cmake)
Linked: (/home/mech-user/semi_ws/devel/.private/tello_driver_wifi2/share/tello_driver_wifi2/cmake/tello_driver_wifi2Config.cmake, /home/mech-user/semi_ws/devel/share/tello_driver_wifi2/cmake/tello_driver_wifi2Config.cmake)
Linked: (/home/mech-user/semi_ws/devel/.private/tello_driver_wifi2/share/tello_driver_wifi2/cmake/tello_driver_wifi2Config-version.cmake, /home/mech-user/semi_ws/devel/share/tello_driver_wifi2/cmake/tello_driver_wifi2Config-version.cmake)
Linked: (/home/mech-user/semi_ws/devel/.private/tello_driver_wifi2/share/tello_driver_wifi2/cmake/tello_driver_wifi2-msg-extras.cmake, /home/mech-user/semi_ws/devel/share/tello_driver_wifi2/cmake/tello_driver_wifi2-msg-extras.cmake)
Linked: (/home/mech-user/semi_ws/devel/.private/tello_driver_wifi2/lib/python2.7/dist-packages/tello_driver_wifi2/__init__.py, /home/mech-user/semi_ws/devel/lib/python2.7/dist-packages/tello_driver_wifi2/__init__.py)
Linked: (/home/mech-user/semi_ws/devel/.private/tello_driver_wifi2/lib/python2.7/dist-packages/tello_driver_wifi2/cfg/TelloConfig.py, /home/mech-user/semi_ws/devel/lib/python2.7/dist-packages/tello_driver_wifi2/cfg/TelloConfig.py)
Linked: (/home/mech-user/semi_ws/devel/.private/tello_driver_wifi2/lib/python2.7/dist-packages/tello_driver_wifi2/cfg/__init__.py, /home/mech-user/semi_ws/devel/lib/python2.7/dist-packages/tello_driver_wifi2/cfg/__init__.py)
Linked: (/home/mech-user/semi_ws/devel/.private/tello_driver_wifi2/lib/python2.7/dist-packages/tello_driver_wifi2/msg/_TelloStatus.py, /home/mech-user/semi_ws/devel/lib/python2.7/dist-packages/tello_driver_wifi2/msg/_TelloStatus.py)
Linked: (/home/mech-user/semi_ws/devel/.private/tello_driver_wifi2/lib/python2.7/dist-packages/tello_driver_wifi2/msg/__init__.py, /home/mech-user/semi_ws/devel/lib/python2.7/dist-packages/tello_driver_wifi2/msg/__init__.py)
Warning: Cannot symlink from /home/mech-user/semi_ws/devel/.private/tello_driver_wifi2/lib/python2.7/dist-packages/tellopy/__init__.py to existing file /home/mech-user/semi_ws/devel/lib/python2.7/dist-packages/tellopy/__init__.py
Warning: Source hash: 2433289cd09f2df4baa192b5f7b7f56c
Warning: Dest hash: 3e448af7cfcb4e2e46c0a7429493cb6b
Linked: (/home/mech-user/semi_ws/devel/.private/tello_driver_wifi2/lib/pkgconfig/tello_driver_wifi2.pc, /home/mech-user/semi_ws/devel/lib/pkgconfig/tello_driver_wifi2.pc)
Linked: (/home/mech-user/semi_ws/devel/.private/tello_driver_wifi2/include/tello_driver_wifi2/TelloStatus.h, /home/mech-user/semi_ws/devel/include/tello_driver_wifi2/TelloStatus.h)
Linked: (/home/mech-user/semi_ws/devel/.private/tello_driver_wifi2/include/tello_driver_wifi2/TelloConfig.h, /home/mech-user/semi_ws/devel/include/tello_driver_wifi2/TelloConfig.h)
