[  0%] Built target std_msgs_generate_messages_nodejs
[  0%] Built target sensor_msgs_generate_messages_nodejs
[  0%] Built target nav_msgs_generate_messages_nodejs
[  0%] Built target geometry_msgs_generate_messages_nodejs
[  0%] Built target sensor_msgs_generate_messages_lisp
[  0%] Built target _tello_driver_wifi2_generate_messages_check_deps_TelloStatus
[  0%] Built target nav_msgs_generate_messages_lisp
[  0%] Built target std_msgs_generate_messages_lisp
[  0%] Built target geometry_msgs_generate_messages_lisp
[  0%] Built target std_msgs_generate_messages_py
[  0%] Built target geometry_msgs_generate_messages_py
[  0%] Built target nav_msgs_generate_messages_py
[  0%] Built target nav_msgs_generate_messages_eus
[  0%] Built target geometry_msgs_generate_messages_eus
[  0%] Built target sensor_msgs_generate_messages_py
[  0%] Built target sensor_msgs_generate_messages_eus
[  0%] Built target std_msgs_generate_messages_eus
[  0%] Built target std_msgs_generate_messages_cpp
[  0%] Built target nav_msgs_generate_messages_cpp
[  0%] Built target sensor_msgs_generate_messages_cpp
[  0%] Built target geometry_msgs_generate_messages_cpp
[ 12%] [34m[1mGenerating dynamic reconfigure files from cfg/Tello.cfg: /home/mech-user/semi_ws/devel/.private/tello_driver_wifi2/include/tello_driver_wifi2/TelloConfig.h /home/mech-user/semi_ws/devel/.private/tello_driver_wifi2/lib/python2.7/dist-packages/tello_driver_wifi2/cfg/TelloConfig.py[0m
[ 25%] Built target tello_driver_wifi2_generate_messages_lisp
[ 37%] Built target tello_driver_wifi2_generate_messages_nodejs
[ 62%] Built target tello_driver_wifi2_generate_messages_py
[ 87%] Built target tello_driver_wifi2_generate_messages_eus
[100%] Built target tello_driver_wifi2_generate_messages_cpp
Generating reconfiguration files for Tello in tello_driver_wifi2
Wrote header file in /home/mech-user/semi_ws/devel/.private/tello_driver_wifi2/include/tello_driver_wifi2/TelloConfig.h
[100%] Built target tello_driver_wifi2_generate_messages
[100%] Built target tello_driver_wifi2_gencfg
