Symlinking /home/mech-user/semi_ws/devel/share/gennodejs/ros/tello_driver_wifi2/_index.js
Symlinking /home/mech-user/semi_ws/devel/share/gennodejs/ros/tello_driver_wifi2/msg/_index.js
Symlinking /home/mech-user/semi_ws/devel/share/gennodejs/ros/tello_driver_wifi2/msg/TelloStatus.js
Symlinking /home/mech-user/semi_ws/devel/share/roseus/ros/tello_driver_wifi2/manifest.l
Symlinking /home/mech-user/semi_ws/devel/share/roseus/ros/tello_driver_wifi2/msg/TelloStatus.l
Symlinking /home/mech-user/semi_ws/devel/share/common-lisp/ros/tello_driver_wifi2/msg/_package.lisp
Symlinking /home/mech-user/semi_ws/devel/share/common-lisp/ros/tello_driver_wifi2/msg/TelloStatus.lisp
Symlinking /home/mech-user/semi_ws/devel/share/common-lisp/ros/tello_driver_wifi2/msg/tello_driver_wifi2-msg.asd
Symlinking /home/mech-user/semi_ws/devel/share/common-lisp/ros/tello_driver_wifi2/msg/_package_TelloStatus.lisp
Symlinking /home/mech-user/semi_ws/devel/share/tello_driver_wifi2/docs/TelloConfig.wikidoc
Symlinking /home/mech-user/semi_ws/devel/share/tello_driver_wifi2/docs/TelloConfig-usage.dox
Symlinking /home/mech-user/semi_ws/devel/share/tello_driver_wifi2/docs/TelloConfig.dox
Symlinking /home/mech-user/semi_ws/devel/share/tello_driver_wifi2/cmake/tello_driver_wifi2-msg-paths.cmake
Symlinking /home/mech-user/semi_ws/devel/share/tello_driver_wifi2/cmake/tello_driver_wifi2Config.cmake
Symlinking /home/mech-user/semi_ws/devel/share/tello_driver_wifi2/cmake/tello_driver_wifi2Config-version.cmake
Symlinking /home/mech-user/semi_ws/devel/share/tello_driver_wifi2/cmake/tello_driver_wifi2-msg-extras.cmake
Symlinking /home/mech-user/semi_ws/devel/lib/python2.7/dist-packages/tello_driver_wifi2/__init__.py
Symlinking /home/mech-user/semi_ws/devel/lib/python2.7/dist-packages/tello_driver_wifi2/cfg/TelloConfig.py
Symlinking /home/mech-user/semi_ws/devel/lib/python2.7/dist-packages/tello_driver_wifi2/cfg/__init__.py
Symlinking /home/mech-user/semi_ws/devel/lib/python2.7/dist-packages/tello_driver_wifi2/msg/_TelloStatus.py
Symlinking /home/mech-user/semi_ws/devel/lib/python2.7/dist-packages/tello_driver_wifi2/msg/__init__.py
Warning: Cannot symlink from /home/mech-user/semi_ws/devel/.private/tello_driver_wifi2/lib/python2.7/dist-packages/tellopy/__init__.py to existing file /home/mech-user/semi_ws/devel/lib/python2.7/dist-packages/tellopy/__init__.py
Warning: Source hash: 2433289cd09f2df4baa192b5f7b7f56c
Warning: Dest hash: 3e448af7cfcb4e2e46c0a7429493cb6b
Symlinking /home/mech-user/semi_ws/devel/lib/pkgconfig/tello_driver_wifi2.pc
Symlinking /home/mech-user/semi_ws/devel/include/tello_driver_wifi2/TelloStatus.h
Symlinking /home/mech-user/semi_ws/devel/include/tello_driver_wifi2/TelloConfig.h
