[ 12%] Built target std_msgs_generate_messages_nodejs
[ 12%] Built target tello_driver_wifi_gencfg
[ 12%] Built target sensor_msgs_generate_messages_nodejs
[ 12%] Built target geometry_msgs_generate_messages_nodejs
[ 12%] Built target nav_msgs_generate_messages_nodejs
[ 12%] Built target _tello_driver_wifi_generate_messages_check_deps_TelloStatus
[ 12%] Built target sensor_msgs_generate_messages_lisp
[ 12%] Built target std_msgs_generate_messages_lisp
[ 12%] Built target nav_msgs_generate_messages_lisp
[ 12%] Built target geometry_msgs_generate_messages_lisp
[ 12%] Built target geometry_msgs_generate_messages_eus
[ 12%] Built target sensor_msgs_generate_messages_eus
[ 12%] Built target nav_msgs_generate_messages_eus
[ 12%] Built target std_msgs_generate_messages_eus
[ 12%] Built target std_msgs_generate_messages_cpp
[ 12%] Built target nav_msgs_generate_messages_cpp
[ 12%] Built target sensor_msgs_generate_messages_cpp
[ 12%] Built target geometry_msgs_generate_messages_cpp
[ 12%] Built target std_msgs_generate_messages_py
[ 12%] Built target nav_msgs_generate_messages_py
[ 12%] Built target geometry_msgs_generate_messages_py
[ 37%] Built target tello_driver_wifi_generate_messages_eus
[ 37%] Built target sensor_msgs_generate_messages_py
[ 50%] Built target tello_driver_wifi_generate_messages_nodejs
[ 62%] Built target tello_driver_wifi_generate_messages_lisp
[ 75%] Built target tello_driver_wifi_generate_messages_cpp
[100%] Built target tello_driver_wifi_generate_messages_py
[100%] Built target tello_driver_wifi_generate_messages
