[ 12%] [34m[1mGenerating dynamic reconfigure files from cfg/Tello.cfg: /home/mech-user/semi_ws/devel/.private/tello_driver_wifi/include/tello_driver_wifi/TelloConfig.h /home/mech-user/semi_ws/devel/.private/tello_driver_wifi/lib/python2.7/dist-packages/tello_driver_wifi/cfg/TelloConfig.py[0m
[ 12%] Built target sensor_msgs_generate_messages_nodejs
[ 12%] Built target std_msgs_generate_messages_nodejs
[ 12%] Built target nav_msgs_generate_messages_nodejs
[ 12%] Built target geometry_msgs_generate_messages_nodejs
[ 12%] Built target _tello_driver_wifi_generate_messages_check_deps_TelloStatus
[ 12%] Built target sensor_msgs_generate_messages_lisp
[ 12%] Built target nav_msgs_generate_messages_lisp
Generating reconfiguration files for Tello in tello_driver_wifi
Wrote header file in /home/mech-user/semi_ws/devel/.private/tello_driver_wifi/include/tello_driver_wifi/TelloConfig.h
[ 12%] Built target std_msgs_generate_messages_lisp
[ 12%] Built target geometry_msgs_generate_messages_lisp
[ 12%] Built target geometry_msgs_generate_messages_eus
[ 12%] Built target sensor_msgs_generate_messages_eus
[ 12%] Built target nav_msgs_generate_messages_eus
[ 12%] Built target std_msgs_generate_messages_eus
[ 12%] Built target std_msgs_generate_messages_cpp
[ 12%] Built target tello_driver_wifi_gencfg
[ 12%] Built target sensor_msgs_generate_messages_cpp
[ 12%] Built target nav_msgs_generate_messages_cpp
[ 12%] Built target geometry_msgs_generate_messages_cpp
[ 12%] Built target std_msgs_generate_messages_py
[ 12%] Built target nav_msgs_generate_messages_py
[ 12%] Built target geometry_msgs_generate_messages_py
[ 12%] Built target sensor_msgs_generate_messages_py
[ 25%] Built target tello_driver_wifi_generate_messages_nodejs
[ 37%] Built target tello_driver_wifi_generate_messages_lisp
[ 62%] Built target tello_driver_wifi_generate_messages_eus
[ 75%] Built target tello_driver_wifi_generate_messages_cpp
[100%] Built target tello_driver_wifi_generate_messages_py
[100%] Built target tello_driver_wifi_generate_messages
