[35m[1mScanning dependencies of target std_msgs_generate_messages_nodejs[0m
[35m[1mScanning dependencies of target geometry_msgs_generate_messages_nodejs[0m
[35m[1mScanning dependencies of target tello_driver_wifi_gencfg[0m
[35m[1mScanning dependencies of target sensor_msgs_generate_messages_lisp[0m
[35m[1mScanning dependencies of target sensor_msgs_generate_messages_nodejs[0m
[35m[1mScanning dependencies of target nav_msgs_generate_messages_nodejs[0m
[35m[1mScanning dependencies of target nav_msgs_generate_messages_lisp[0m
[35m[1mScanning dependencies of target _tello_driver_wifi_generate_messages_check_deps_TelloStatus[0m
[  0%] Built target sensor_msgs_generate_messages_lisp
[  0%] Built target std_msgs_generate_messages_nodejs
[  0%] Built target geometry_msgs_generate_messages_nodejs
[  0%] Built target sensor_msgs_generate_messages_nodejs
[  0%] Built target nav_msgs_generate_messages_nodejs
[  0%] Built target nav_msgs_generate_messages_lisp
[ 12%] [34m[1mGenerating dynamic reconfigure files from cfg/Tello.cfg: /home/mech-user/semi_ws/devel/.private/tello_driver_wifi/include/tello_driver_wifi/TelloConfig.h /home/mech-user/semi_ws/devel/.private/tello_driver_wifi/lib/python2.7/dist-packages/tello_driver_wifi/cfg/TelloConfig.py[0m
[35m[1mScanning dependencies of target geometry_msgs_generate_messages_lisp[0m
[35m[1mScanning dependencies of target std_msgs_generate_messages_lisp[0m
[35m[1mScanning dependencies of target nav_msgs_generate_messages_eus[0m
[35m[1mScanning dependencies of target std_msgs_generate_messages_eus[0m
[35m[1mScanning dependencies of target sensor_msgs_generate_messages_eus[0m
[35m[1mScanning dependencies of target geometry_msgs_generate_messages_eus[0m
[ 12%] Built target nav_msgs_generate_messages_eus
[ 12%] Built target geometry_msgs_generate_messages_lisp
[ 12%] Built target std_msgs_generate_messages_lisp
[ 12%] Built target std_msgs_generate_messages_eus
[ 12%] Built target geometry_msgs_generate_messages_eus
[ 12%] Built target _tello_driver_wifi_generate_messages_check_deps_TelloStatus
[ 12%] Built target sensor_msgs_generate_messages_eus
[35m[1mScanning dependencies of target std_msgs_generate_messages_cpp[0m
[35m[1mScanning dependencies of target nav_msgs_generate_messages_cpp[0m
[35m[1mScanning dependencies of target sensor_msgs_generate_messages_cpp[0m
[35m[1mScanning dependencies of target geometry_msgs_generate_messages_cpp[0m
[35m[1mScanning dependencies of target geometry_msgs_generate_messages_py[0m
[35m[1mScanning dependencies of target std_msgs_generate_messages_py[0m
[35m[1mScanning dependencies of target nav_msgs_generate_messages_py[0m
[ 12%] Built target nav_msgs_generate_messages_cpp
[ 12%] Built target std_msgs_generate_messages_cpp
[ 12%] Built target geometry_msgs_generate_messages_cpp
[ 12%] Built target sensor_msgs_generate_messages_cpp
[ 12%] Built target geometry_msgs_generate_messages_py
[ 12%] Built target std_msgs_generate_messages_py
Generating reconfiguration files for Tello in tello_driver
[ 12%] Built target nav_msgs_generate_messages_py
Wrote header file in /home/mech-user/semi_ws/devel/.private/tello_driver_wifi/include/tello_driver_wifi/TelloConfig.h
[35m[1mScanning dependencies of target sensor_msgs_generate_messages_py[0m
[35m[1mScanning dependencies of target tello_driver_wifi_generate_messages_nodejs[0m
[35m[1mScanning dependencies of target tello_driver_wifi_generate_messages_lisp[0m
[35m[1mScanning dependencies of target tello_driver_wifi_generate_messages_eus[0m
[35m[1mScanning dependencies of target tello_driver_wifi_generate_messages_cpp[0m
[ 12%] Built target sensor_msgs_generate_messages_py
[ 25%] [34m[1mGenerating Javascript code from tello_driver_wifi/TelloStatus.msg[0m
[ 37%] [34m[1mGenerating C++ code from tello_driver_wifi/TelloStatus.msg[0m
[ 50%] [34m[1mGenerating EusLisp code from tello_driver_wifi/TelloStatus.msg[0m
[ 62%] [34m[1mGenerating Lisp code from tello_driver_wifi/TelloStatus.msg[0m
[ 75%] [34m[1mGenerating EusLisp manifest code for tello_driver_wifi[0m
[35m[1mScanning dependencies of target tello_driver_wifi_generate_messages_py[0m
[ 75%] Built target tello_driver_wifi_gencfg
[ 87%] [34m[1mGenerating Python from MSG tello_driver_wifi/TelloStatus[0m
[ 87%] Built target tello_driver_wifi_generate_messages_nodejs
[ 87%] Built target tello_driver_wifi_generate_messages_lisp
WARNING: Package name "tello_imageProcessing" does not follow the naming conventions. It should start with a lower case letter and only contain lower case letters, digits, underscores, and dashes.
[ 87%] Built target tello_driver_wifi_generate_messages_cpp
[100%] [34m[1mGenerating Python msg __init__.py for tello_driver_wifi[0m
[100%] Built target tello_driver_wifi_generate_messages_py
WARNING: Package name "tello_imageProcessing" does not follow the naming conventions. It should start with a lower case letter and only contain lower case letters, digits, underscores, and dashes.
[100%] Built target tello_driver_wifi_generate_messages_eus
[35m[1mScanning dependencies of target tello_driver_wifi_generate_messages[0m
[100%] Built target tello_driver_wifi_generate_messages
