Determining if the pthread_create exist failed with the following output:
Change Dir: /home/mech-user/semi_ws/build/tello_driver/CMakeFiles/CMakeTmp

Run Build Command:"/usr/bin/make" "cmTC_83054/fast"
/usr/bin/make -f CMakeFiles/cmTC_83054.dir/build.make CMakeFiles/cmTC_83054.dir/build
make[1]: ディレクトリ '/home/mech-user/semi_ws/build/tello_driver/CMakeFiles/CMakeTmp' に入ります
Building C object CMakeFiles/cmTC_83054.dir/CheckSymbolExists.c.o
/usr/bin/cc    -o CMakeFiles/cmTC_83054.dir/CheckSymbolExists.c.o   -c /home/mech-user/semi_ws/build/tello_driver/CMakeFiles/CMakeTmp/CheckSymbolExists.c
Linking C executable cmTC_83054
/usr/bin/cmake -E cmake_link_script CMakeFiles/cmTC_83054.dir/link.txt --verbose=1
/usr/bin/cc      -rdynamic CMakeFiles/cmTC_83054.dir/CheckSymbolExists.c.o  -o cmTC_83054 
CMakeFiles/cmTC_83054.dir/CheckSymbolExists.c.o: 関数 `main' 内:
CheckSymbolExists.c:(.text+0x1b): `pthread_create' に対する定義されていない参照です
collect2: error: ld returned 1 exit status
CMakeFiles/cmTC_83054.dir/build.make:97: recipe for target 'cmTC_83054' failed
make[1]: *** [cmTC_83054] Error 1
make[1]: ディレクトリ '/home/mech-user/semi_ws/build/tello_driver/CMakeFiles/CMakeTmp' から出ます
Makefile:126: recipe for target 'cmTC_83054/fast' failed
make: *** [cmTC_83054/fast] Error 2

File /home/mech-user/semi_ws/build/tello_driver/CMakeFiles/CMakeTmp/CheckSymbolExists.c:
/* */
#include <pthread.h>

int main(int argc, char** argv)
{
  (void)argv;
#ifndef pthread_create
  return ((int*)(&pthread_create))[argc];
#else
  (void)argc;
  return 0;
#endif
}

Determining if the function pthread_create exists in the pthreads failed with the following output:
Change Dir: /home/mech-user/semi_ws/build/tello_driver/CMakeFiles/CMakeTmp

Run Build Command:"/usr/bin/make" "cmTC_7cc09/fast"
/usr/bin/make -f CMakeFiles/cmTC_7cc09.dir/build.make CMakeFiles/cmTC_7cc09.dir/build
make[1]: ディレクトリ '/home/mech-user/semi_ws/build/tello_driver/CMakeFiles/CMakeTmp' に入ります
Building C object CMakeFiles/cmTC_7cc09.dir/CheckFunctionExists.c.o
/usr/bin/cc   -DCHECK_FUNCTION_EXISTS=pthread_create   -o CMakeFiles/cmTC_7cc09.dir/CheckFunctionExists.c.o   -c /usr/share/cmake-3.10/Modules/CheckFunctionExists.c
Linking C executable cmTC_7cc09
/usr/bin/cmake -E cmake_link_script CMakeFiles/cmTC_7cc09.dir/link.txt --verbose=1
/usr/bin/cc  -DCHECK_FUNCTION_EXISTS=pthread_create    -rdynamic CMakeFiles/cmTC_7cc09.dir/CheckFunctionExists.c.o  -o cmTC_7cc09 -lpthreads 
/usr/bin/ld: -lpthreads が見つかりません
collect2: error: ld returned 1 exit status
CMakeFiles/cmTC_7cc09.dir/build.make:97: recipe for target 'cmTC_7cc09' failed
make[1]: *** [cmTC_7cc09] Error 1
make[1]: ディレクトリ '/home/mech-user/semi_ws/build/tello_driver/CMakeFiles/CMakeTmp' から出ます
Makefile:126: recipe for target 'cmTC_7cc09/fast' failed
make: *** [cmTC_7cc09/fast] Error 2


